structure.cif - Energy: -317.600616 eV
Forces:
[[-3.62295141e-05 -1.88341830e-04 -1.07175911e-05]
 [ 1.45545237e-05  1.09315733e-04 -9.12378746e-05]
 [-2.29367506e-04 -1.79118419e-04 -1.51835615e-04]
 [ 1.27578067e-04  6.80686935e-05  6.20458100e-04]
 [-2.56410613e-06 -3.02527610e-06  3.46154207e-04]
 [ 7.00978308e-06  1.63770688e-04  4.20771503e-05]
 [ 4.39033738e-06 -5.64472157e-06 -6.08117203e-04]
 [ 4.72238062e-05  2.93857505e-04  6.25899920e-05]
 [ 1.86183548e-04 -3.36432742e-04  6.24996028e-04]
 [-5.12821025e-05 -3.91072135e-05 -4.01845085e-04]
 [-2.99760504e-05 -2.26157790e-05  3.12433433e-04]
 [-5.94909288e-05  1.19682838e-04  4.57886461e-04]
 [-1.13484712e-04 -8.47445990e-05  3.46928951e-04]
 [ 2.12082858e-04  2.06677942e-04 -5.80520791e-05]
 [-3.77421529e-05  9.37466393e-05  6.29533955e-04]
 [-2.11713923e-04 -3.02564411e-04  3.17653903e-05]
 [-9.32301264e-05 -6.41210790e-05  3.14517929e-05]
 [-3.96421710e-05 -2.84781680e-04 -5.43996139e-05]
 [ 5.69637159e-05  9.73991046e-05  7.18945579e-04]
 [-4.29072563e-04  1.21232370e-04 -3.77015705e-04]
 [-1.90426319e-04  1.45434562e-04 -1.05497245e-04]
 [ 1.03707906e-04  2.97989609e-04  5.02583047e-04]
 [-9.31563500e-06  2.02693438e-04 -9.45398497e-05]
 [ 5.90297486e-06 -8.50397482e-05  7.00978417e-05]
 [-1.77550450e-04 -2.38590903e-04 -4.47279541e-04]
 [ 6.04686102e-05  9.80631885e-05  2.49954119e-05]
 [-2.49031818e-05 -1.50968612e-04 -4.28961881e-04]
 [ 3.14831530e-04  1.38055853e-04  1.29514985e-04]
 [ 2.66002826e-05  3.33112315e-04  1.50987049e-04]
 [ 4.01033431e-05 -2.47777411e-04 -5.64269139e-04]
 [ 2.33905394e-05 -2.40546273e-04  2.72274738e-05]
 [ 2.70042714e-04  9.12378746e-05  1.56447306e-04]
 [ 3.76314711e-05  4.07305342e-05 -5.85648988e-04]
 [ 3.16473306e-04  1.92031192e-04 -1.65670703e-04]
 [ 3.68456385e-04  4.78067261e-04 -2.66316434e-04]
 [-2.99428444e-04  9.90593107e-05  9.79524975e-06]
 [-1.12709959e-05  3.22966574e-04 -2.20439251e-04]
 [ 4.06198524e-05  2.12359562e-04 -1.54621070e-04]
 [-1.59306568e-04 -4.19111275e-05  1.37299532e-04]
 [ 3.92474118e-04 -9.46320797e-05  3.05312977e-04]
 [-5.16325927e-05 -1.66353246e-04  6.70080015e-04]
 [-2.70909688e-04 -2.79063184e-04 -5.44199022e-04]
 [-4.64453507e-04 -1.05773950e-04 -7.69416001e-05]
 [-1.81885462e-05 -6.72201393e-04 -6.60118705e-04]
 [ 1.62829907e-04 -3.54916410e-05 -2.63752328e-04]
 [-6.29589267e-05 -1.78528120e-04 -1.58089068e-04]
 [-3.87382788e-05  4.28224012e-04 -1.18668264e-04]
 [ 2.93839083e-04 -3.06696485e-04  1.98579801e-04]]

Stress: 
[-8.2022161e-05 -1.2335936e-04  2.0599648e-04  9.2529808e-07
  1.6163103e-06 -4.5524212e-07]

